<?xml version="1.0" encoding="UTF-8"?>
<testsuite xmlns:xsi="http://www.w3.org/2001/XMLSchema-instance" xsi:noNamespaceSchemaLocation="https://maven.apache.org/surefire/maven-surefire-plugin/xsd/surefire-test-report-3.0.xsd" version="3.0" name="com.example.DriverUnitTest" time="0.03" tests="15" errors="0" skipped="0" failures="0">
  <properties>
[...]
</properties>
  <testcase name="testName_Immutable" classname="com.example.DriverUnitTest" time="0.013"/>
  <testcase name="testInvalidBirthdate_Reversed" classname="com.example.DriverUnitTest" time="0.001"/>
  <testcase name="testInvalidAddress_FourParts" classname="com.example.DriverUnitTest" time="0.0"/>
  <testcase name="testValidAddress" classname="com.example.DriverUnitTest" time="0.0"/>
  <testcase name="testDriverID_Immutable" classname="com.example.DriverUnitTest" time="0.001"/>
  <testcase name="testLicenseSame_ExactlyTen" classname="com.example.DriverUnitTest" time="0.0"/>
  <testcase name="testLicenseCanChange_Under10" classname="com.example.DriverUnitTest" time="0.0"/>
  <testcase name="testInvalidDriverID_OneSpecialChar" classname="com.example.DriverUnitTest" time="0.0"/>
  <testcase name="testInvalidAddress_EmptySegment" classname="com.example.DriverUnitTest" time="0.0"/>
  <testcase name="testLicenseCannotChange_Over10" classname="com.example.DriverUnitTest" time="0.0"/>
  <testcase name="testValidDriverID" classname="com.example.DriverUnitTest" time="0.001"/>
  <testcase name="testValidBirthdate" classname="com.example.DriverUnitTest" time="0.0"/>
  <testcase name="testInvalidDriverID_FirstCharsOutOfRange" classname="com.example.DriverUnitTest" time="0.001"/>
  <testcase name="testMutableFields_UpdateCorrectly" classname="com.example.DriverUnitTest" time="0.0"/>
  <testcase name="testInvalidBirthdate_Slashes" classname="com.example.DriverUnitTest" time="0.0"/>
</testsuite>